2024-11-08 00:51:46,988 INFO o.a.j.u.JMeterUtils: Setting Locale to en_EN
2024-11-08 00:51:46,995 INFO o.a.j.JMeter: Loading user properties from: C:\jmeter-5.6.3\bin\user.properties
2024-11-08 00:51:46,995 INFO o.a.j.JMeter: Loading system properties from: C:\jmeter-5.6.3\bin\system.properties
2024-11-08 00:51:46,999 INFO o.a.j.JMeter: Copyright (c) 1998-2024 The Apache Software Foundation
2024-11-08 00:51:46,999 INFO o.a.j.JMeter: Version 5.6.3
2024-11-08 00:51:46,999 INFO o.a.j.JMeter: java.version=1.8.0_431
2024-11-08 00:51:46,999 INFO o.a.j.JMeter: java.vm.name=Java HotSpot(TM) Client VM
2024-11-08 00:51:46,999 INFO o.a.j.JMeter: os.name=Windows 11
2024-11-08 00:51:46,999 INFO o.a.j.JMeter: os.arch=x86
2024-11-08 00:51:46,999 INFO o.a.j.JMeter: os.version=10.0
2024-11-08 00:51:47,001 INFO o.a.j.JMeter: file.encoding=Cp1252
2024-11-08 00:51:47,001 INFO o.a.j.JMeter: java.awt.headless=true
2024-11-08 00:51:47,001 INFO o.a.j.JMeter: Max memory     =1073741824
2024-11-08 00:51:47,001 INFO o.a.j.JMeter: Available Processors =12
2024-11-08 00:51:47,003 INFO o.a.j.JMeter: Default Locale=English (EN)
2024-11-08 00:51:47,003 INFO o.a.j.JMeter: JMeter  Locale=English (EN)
2024-11-08 00:51:47,003 INFO o.a.j.JMeter: JMeterHome=C:\jmeter-5.6.3
2024-11-08 00:51:47,003 INFO o.a.j.JMeter: user.dir  =C:\jmeter-5.6.3\bin\MyTests
2024-11-08 00:51:47,003 INFO o.a.j.JMeter: PWD       =C:\jmeter-5.6.3\bin\MyTests
2024-11-08 00:51:47,004 INFO o.a.j.JMeter: IP: 192.168.15.11 Name: DESKTOP-A6122U8 FullName: DESKTOP-A6122U8
2024-11-08 00:51:47,015 INFO o.a.j.JMeter: Setting property 'jmeter.reportgenerator.outputdir' to:'C:\jmeter-5.6.3\bin\MyTests\eCommerceDashboard'
2024-11-08 00:51:47,016 INFO o.a.j.s.FileServer: Default base='C:\jmeter-5.6.3\bin\MyTests'
2024-11-08 00:51:47,017 INFO o.a.j.s.FileServer: Set new base='C:\jmeter-5.6.3\bin\MyTests'
2024-11-08 00:51:47,093 INFO o.a.j.s.SaveService: Testplan (JMX) version: 2.2. Testlog (JTL) version: 2.2
2024-11-08 00:51:47,106 INFO o.a.j.s.SaveService: Using SaveService properties file encoding UTF-8
2024-11-08 00:51:47,111 INFO o.a.j.s.SaveService: Using SaveService properties version 5.0
2024-11-08 00:51:47,114 INFO o.a.j.s.SaveService: Loading file: eCommerce.jmx
2024-11-08 00:51:47,148 INFO o.a.j.p.h.c.CookieManager: Settings: Delete null: true Check: true Allow variable: true Save: false Prefix: COOKIE_
2024-11-08 00:51:47,150 INFO o.a.j.p.h.c.CacheManager: Will only cache the following methods: [GET]
2024-11-08 00:51:47,172 INFO o.a.j.p.h.s.HTTPSamplerBase: Parser for text/html is org.apache.jmeter.protocol.http.parser.LagartoBasedHtmlParser
2024-11-08 00:51:47,172 INFO o.a.j.p.h.s.HTTPSamplerBase: Parser for application/xhtml+xml is org.apache.jmeter.protocol.http.parser.LagartoBasedHtmlParser
2024-11-08 00:51:47,172 INFO o.a.j.p.h.s.HTTPSamplerBase: Parser for application/xml is org.apache.jmeter.protocol.http.parser.LagartoBasedHtmlParser
2024-11-08 00:51:47,172 INFO o.a.j.p.h.s.HTTPSamplerBase: Parser for text/xml is org.apache.jmeter.protocol.http.parser.LagartoBasedHtmlParser
2024-11-08 00:51:47,172 INFO o.a.j.p.h.s.HTTPSamplerBase: Parser for text/vnd.wap.wml is org.apache.jmeter.protocol.http.parser.RegexpHTMLParser
2024-11-08 00:51:47,172 INFO o.a.j.p.h.s.HTTPSamplerBase: Parser for text/css is org.apache.jmeter.protocol.http.parser.CssParser
2024-11-08 00:51:47,329 INFO o.a.j.JMeter: Creating summariser <summary>
2024-11-08 00:51:47,333 INFO o.a.j.r.d.ReportGenerator: ReportGenerator will use for Parsing the separator: ','
2024-11-08 00:51:47,333 INFO o.a.j.r.d.ReportGenerator: Will generate report at end of test from  results file: resultado.csv
2024-11-08 00:51:47,333 INFO o.a.j.r.d.ReportGenerator: Reading report generator properties from: C:\jmeter-5.6.3\bin\reportgenerator.properties
2024-11-08 00:51:47,333 INFO o.a.j.r.d.ReportGenerator: Merging with JMeter properties
2024-11-08 00:51:47,336 INFO o.a.j.r.c.ReportGeneratorConfiguration: Property 'jmeter.reportgenerator.temp_dir' not found, using default value 'temp' instead.
2024-11-08 00:51:47,338 INFO o.a.j.r.c.ReportGeneratorConfiguration: Property 'jmeter.reportgenerator.apdex_per_transaction' not found, using default value 'null' instead.
2024-11-08 00:51:47,338 INFO o.a.j.r.c.ReportGeneratorConfiguration: apdex_per_transaction is empty, not APDEX per transaction customization
2024-11-08 00:51:47,338 INFO o.a.j.r.c.ReportGeneratorConfiguration: Property 'jmeter.reportgenerator.sample_filter' not found, using default value 'null' instead.
2024-11-08 00:51:47,338 INFO o.a.j.r.c.ReportGeneratorConfiguration: Property 'jmeter.reportgenerator.report_title' not found, using default value 'null' instead.
2024-11-08 00:51:47,338 INFO o.a.j.r.c.ReportGeneratorConfiguration: Property 'jmeter.reportgenerator.start_date' not found, using default value 'null' instead.
2024-11-08 00:51:47,338 INFO o.a.j.r.c.ReportGeneratorConfiguration: Property 'jmeter.reportgenerator.end_date' not found, using default value 'null' instead.
2024-11-08 00:51:47,338 INFO o.a.j.r.c.ReportGeneratorConfiguration: Property 'jmeter.reportgenerator.date_format' not found, using default value 'null' instead.
2024-11-08 00:51:47,338 INFO o.a.j.r.c.ReportGeneratorConfiguration: Will use date range start date: null, end date: null
2024-11-08 00:51:47,341 INFO o.a.j.r.c.ReportGeneratorConfiguration: Property 'jmeter.reportgenerator.graph.totalTPS.exclude_controllers' not found, using default value 'false' instead.
2024-11-08 00:51:47,341 INFO o.a.j.r.c.ReportGeneratorConfiguration: Property 'jmeter.reportgenerator.graph.activeThreadsOverTime.exclude_controllers' not found, using default value 'false' instead.
2024-11-08 00:51:47,341 INFO o.a.j.r.c.ReportGeneratorConfiguration: Property 'jmeter.reportgenerator.graph.timeVsThreads.exclude_controllers' not found, using default value 'false' instead.
2024-11-08 00:51:47,341 INFO o.a.j.r.c.ReportGeneratorConfiguration: Property 'jmeter.reportgenerator.graph.responseTimeDistribution.exclude_controllers' not found, using default value 'false' instead.
2024-11-08 00:51:47,341 INFO o.a.j.r.c.ReportGeneratorConfiguration: Property 'jmeter.reportgenerator.graph.transactionsPerSecond.exclude_controllers' not found, using default value 'false' instead.
2024-11-08 00:51:47,341 INFO o.a.j.r.c.ReportGeneratorConfiguration: Property 'jmeter.reportgenerator.graph.responseTimePercentiles.exclude_controllers' not found, using default value 'false' instead.
2024-11-08 00:51:47,341 INFO o.a.j.r.c.ReportGeneratorConfiguration: Property 'jmeter.reportgenerator.graph.responseTimePercentilesOverTime.exclude_controllers' not found, using default value 'false' instead.
2024-11-08 00:51:47,341 INFO o.a.j.r.c.ReportGeneratorConfiguration: Property 'jmeter.reportgenerator.graph.responseTimesOverTime.exclude_controllers' not found, using default value 'false' instead.
2024-11-08 00:51:47,341 INFO o.a.j.r.c.ReportGeneratorConfiguration: Property 'jmeter.reportgenerator.graph.connectTimeOverTime.exclude_controllers' not found, using default value 'false' instead.
2024-11-08 00:51:47,341 INFO o.a.j.r.c.ReportGeneratorConfiguration: Property 'jmeter.reportgenerator.graph.latenciesOverTime.exclude_controllers' not found, using default value 'false' instead.
2024-11-08 00:51:47,347 INFO o.a.j.r.c.ReportGeneratorConfiguration: Property 'jmeter.reportgenerator.exporter.json.filters_only_sample_series' not found, using default value 'true' instead.
2024-11-08 00:51:47,347 INFO o.a.j.r.c.ReportGeneratorConfiguration: Property 'jmeter.reportgenerator.exporter.json.series_filter' not found, using default value '' instead.
2024-11-08 00:51:47,347 INFO o.a.j.r.c.ReportGeneratorConfiguration: Property 'jmeter.reportgenerator.exporter.json.show_controllers_only' not found, using default value 'false' instead.
2024-11-08 00:51:47,348 INFO o.a.j.r.c.ReportGeneratorConfiguration: Property 'jmeter.reportgenerator.exporter.html.filters_only_sample_series' not found, using default value 'true' instead.
2024-11-08 00:51:47,348 INFO o.a.j.r.c.ReportGeneratorConfiguration: Property 'jmeter.reportgenerator.exporter.html.series_filter' not found, using default value '' instead.
2024-11-08 00:51:47,348 INFO o.a.j.r.c.ReportGeneratorConfiguration: Property 'jmeter.reportgenerator.exporter.html.show_controllers_only' not found, using default value 'false' instead.
2024-11-08 00:51:47,353 INFO o.a.j.e.StandardJMeterEngine: Running the test!
2024-11-08 00:51:47,353 INFO o.a.j.s.SampleEvent: List of sample_variables: []
2024-11-08 00:51:47,354 INFO o.a.j.s.SampleEvent: List of sample_variables: []
2024-11-08 00:51:47,356 INFO o.a.j.e.u.CompoundVariable: Note: Function class names must contain the string: '.functions.'
2024-11-08 00:51:47,356 INFO o.a.j.e.u.CompoundVariable: Note: Function class names must not contain the string: '.gui.'
2024-11-08 00:51:47,540 INFO o.a.j.JMeter: Running test (1731037907540)
2024-11-08 00:51:47,562 INFO o.a.j.e.StandardJMeterEngine: Starting ThreadGroup: 1 : Cenário de teste 1 (usuário navegador)
2024-11-08 00:51:47,563 INFO o.a.j.e.StandardJMeterEngine: Starting 1 threads for group Cenário de teste 1 (usuário navegador).
2024-11-08 00:51:47,563 INFO o.a.j.e.StandardJMeterEngine: Thread will continue on error
2024-11-08 00:51:47,563 INFO o.a.j.t.ThreadGroup: Starting thread group... number=1 threads=1 ramp-up=1 delayedStart=false
2024-11-08 00:51:47,565 INFO o.a.j.t.ThreadGroup: Started thread group number 1
2024-11-08 00:51:47,565 INFO o.a.j.e.StandardJMeterEngine: Starting ThreadGroup: 2 : Cenário de teste 2 (usuário buscador)
2024-11-08 00:51:47,565 INFO o.a.j.e.StandardJMeterEngine: Starting 1 threads for group Cenário de teste 2 (usuário buscador).
2024-11-08 00:51:47,566 INFO o.a.j.e.StandardJMeterEngine: Thread will continue on error
2024-11-08 00:51:47,566 INFO o.a.j.t.ThreadGroup: Starting thread group... number=2 threads=1 ramp-up=1 delayedStart=false
2024-11-08 00:51:47,566 INFO o.a.j.t.ThreadGroup: Started thread group number 2
2024-11-08 00:51:47,566 INFO o.a.j.e.StandardJMeterEngine: Starting ThreadGroup: 3 : Cenário de teste 3 (usuário comprador)
2024-11-08 00:51:47,566 INFO o.a.j.e.StandardJMeterEngine: Starting 1 threads for group Cenário de teste 3 (usuário comprador).
2024-11-08 00:51:47,566 INFO o.a.j.e.StandardJMeterEngine: Thread will continue on error
2024-11-08 00:51:47,566 INFO o.a.j.t.ThreadGroup: Starting thread group... number=3 threads=1 ramp-up=1 delayedStart=false
2024-11-08 00:51:47,567 INFO o.a.j.t.JMeterThread: Thread started: Cenário de teste 1 (usuário navegador) 1-1
2024-11-08 00:51:47,567 INFO o.a.j.t.JMeterThread: Thread started: Cenário de teste 2 (usuário buscador) 2-1
2024-11-08 00:51:47,567 INFO o.a.j.t.ThreadGroup: Started thread group number 3
2024-11-08 00:51:47,567 INFO o.a.j.e.StandardJMeterEngine: All thread groups have been started
2024-11-08 00:51:47,568 INFO o.a.j.t.JMeterThread: Thread started: Cenário de teste 3 (usuário comprador) 3-1
2024-11-08 00:51:47,577 INFO o.a.j.p.h.s.HTTPHCAbstractImpl: Local host = DESKTOP-A6122U8
2024-11-08 00:51:47,580 INFO o.a.j.p.h.s.HTTPHC4Impl: HTTP request retry count = 0
2024-11-08 00:51:47,581 INFO o.a.j.s.SampleResult: Note: Sample TimeStamps are START times
2024-11-08 00:51:47,581 INFO o.a.j.s.SampleResult: sampleresult.default.encoding is set to UTF-8
2024-11-08 00:51:47,581 INFO o.a.j.s.SampleResult: sampleresult.useNanoTime=true
2024-11-08 00:51:47,581 INFO o.a.j.s.SampleResult: sampleresult.nanoThreadSleep=5000
2024-11-08 00:51:51,632 INFO o.a.j.t.JMeterThread: Thread is done: Cenário de teste 2 (usuário buscador) 2-1
2024-11-08 00:51:51,632 INFO o.a.j.t.JMeterThread: Thread finished: Cenário de teste 2 (usuário buscador) 2-1
2024-11-08 00:51:52,988 INFO o.a.j.t.JMeterThread: Thread is done: Cenário de teste 1 (usuário navegador) 1-1
2024-11-08 00:51:52,988 INFO o.a.j.t.JMeterThread: Thread finished: Cenário de teste 1 (usuário navegador) 1-1
2024-11-08 00:52:00,562 INFO o.a.j.r.Summariser: summary +     23 in 00:00:13 =    1.8/s Avg:   970 Min:   378 Max:  6267 Err:     4 (17.39%) Active: 1 Started: 3 Finished: 2
2024-11-08 00:52:01,052 INFO o.a.j.t.JMeterThread: Thread is done: Cenário de teste 3 (usuário comprador) 3-1
2024-11-08 00:52:01,052 INFO o.a.j.t.JMeterThread: Thread finished: Cenário de teste 3 (usuário comprador) 3-1
2024-11-08 00:52:01,052 INFO o.a.j.e.StandardJMeterEngine: Notifying test listeners of end of test
2024-11-08 00:52:01,053 INFO o.a.j.r.Summariser: summary +      2 in 00:00:00 =    4.1/s Avg:   240 Min:     1 Max:   479 Err:     0 (0.00%) Active: 0 Started: 3 Finished: 3
2024-11-08 00:52:01,053 INFO o.a.j.r.Summariser: summary =     25 in 00:00:14 =    1.9/s Avg:   912 Min:     1 Max:  6267 Err:     4 (16.00%)
2024-11-08 00:52:01,053 INFO o.a.j.JMeter: Generating Dashboard
2024-11-08 00:52:01,053 INFO o.a.j.r.d.ReportGenerator: Flushing result collector before report Generation
2024-11-08 00:52:01,066 INFO o.a.j.r.p.NormalizerSampleConsumer: Using format, 'ms', to parse timeStamp field
2024-11-08 00:52:01,167 INFO o.a.j.r.p.AbstractSampleConsumer: class org.apache.jmeter.report.processor.AggregateConsumer#stopProducing(): beginDate produced 0 samples
2024-11-08 00:52:01,167 INFO o.a.j.r.p.AbstractSampleConsumer: class org.apache.jmeter.report.processor.AggregateConsumer#stopProducing(): endDate produced 0 samples
2024-11-08 00:52:01,168 INFO o.a.j.r.p.AbstractSampleConsumer: class org.apache.jmeter.report.processor.ApdexSummaryConsumer#stopProducing(): apdexSummary produced 0 samples
2024-11-08 00:52:01,168 INFO o.a.j.r.p.AbstractSampleConsumer: class org.apache.jmeter.report.processor.RequestsSummaryConsumer#stopProducing(): requestsSummary produced 0 samples
2024-11-08 00:52:01,171 INFO o.a.j.r.p.AbstractSampleConsumer: class org.apache.jmeter.report.processor.StatisticsSummaryConsumer#stopProducing(): statisticsSummary produced 0 samples
2024-11-08 00:52:01,172 INFO o.a.j.r.p.AbstractSampleConsumer: class org.apache.jmeter.report.processor.Top5ErrorsBySamplerConsumer#stopProducing(): top5ErrorsBySampler produced 0 samples
2024-11-08 00:52:01,172 INFO o.a.j.r.p.AbstractSampleConsumer: class org.apache.jmeter.report.processor.ErrorsSummaryConsumer#stopProducing(): errorsSummary produced 0 samples
2024-11-08 00:52:01,172 INFO o.a.j.r.p.AbstractSampleConsumer: class org.apache.jmeter.report.processor.graph.impl.HitsPerSecondGraphConsumer#stopProducing(): hitsPerSecond produced 0 samples
2024-11-08 00:52:01,187 INFO o.a.j.r.p.AbstractSampleConsumer: class org.apache.jmeter.report.processor.graph.impl.LatencyVSRequestGraphConsumer#stopProducing(): latencyVsRequest produced 0 samples
2024-11-08 00:52:01,187 INFO o.a.j.r.p.AbstractSampleConsumer: class org.apache.jmeter.report.processor.graph.impl.SyntheticResponseTimeDistributionGraphConsumer#stopProducing(): syntheticResponseTimeDistribution produced 0 samples
2024-11-08 00:52:01,187 INFO o.a.j.r.p.AbstractSampleConsumer: class org.apache.jmeter.report.processor.graph.impl.BytesThroughputGraphConsumer#stopProducing(): bytesThroughputOverTime produced 0 samples
2024-11-08 00:52:01,187 INFO o.a.j.r.p.AbstractSampleConsumer: class org.apache.jmeter.report.processor.graph.impl.CodesPerSecondGraphConsumer#stopProducing(): codesPerSecond produced 0 samples
2024-11-08 00:52:01,195 INFO o.a.j.r.p.AbstractSampleConsumer: class org.apache.jmeter.report.processor.graph.impl.ResponseTimeVSRequestGraphConsumer#stopProducing(): responseTimeVsRequest produced 0 samples
2024-11-08 00:52:01,195 INFO o.a.j.r.p.AbstractSampleConsumer: class org.apache.jmeter.report.processor.FilterConsumer#stopProducing(): startIntervalControlerFilter produced 315 samples
2024-11-08 00:52:01,195 INFO o.a.j.r.p.AbstractSampleConsumer: class org.apache.jmeter.report.processor.graph.impl.TotalTPSGraphConsumer#stopProducing(): totalTPS produced 0 samples
2024-11-08 00:52:01,195 INFO o.a.j.r.p.AbstractSampleConsumer: class org.apache.jmeter.report.processor.graph.impl.ActiveThreadsGraphConsumer#stopProducing(): activeThreadsOverTime produced 0 samples
2024-11-08 00:52:01,195 INFO o.a.j.r.p.AbstractSampleConsumer: class org.apache.jmeter.report.processor.graph.impl.TimeVSThreadGraphConsumer#stopProducing(): timeVsThreads produced 0 samples
2024-11-08 00:52:01,197 INFO o.a.j.r.p.AbstractSampleConsumer: class org.apache.jmeter.report.processor.graph.impl.ResponseTimeDistributionGraphConsumer#stopProducing(): responseTimeDistribution produced 0 samples
2024-11-08 00:52:01,197 INFO o.a.j.r.p.AbstractSampleConsumer: class org.apache.jmeter.report.processor.graph.impl.TransactionsPerSecondGraphConsumer#stopProducing(): transactionsPerSecond produced 0 samples
2024-11-08 00:52:01,197 INFO o.a.j.r.p.AbstractSampleConsumer: class org.apache.jmeter.report.processor.graph.impl.ResponseTimePercentilesGraphConsumer#stopProducing(): responseTimePercentiles produced 0 samples
2024-11-08 00:52:01,200 INFO o.a.j.r.p.AbstractSampleConsumer: class org.apache.jmeter.report.processor.graph.impl.ResponseTimePercentilesOverTimeGraphConsumer#stopProducing(): responseTimePercentilesOverTime produced 0 samples
2024-11-08 00:52:01,200 INFO o.a.j.r.p.AbstractSampleConsumer: class org.apache.jmeter.report.processor.graph.impl.ResponseTimeOverTimeGraphConsumer#stopProducing(): responseTimesOverTime produced 0 samples
2024-11-08 00:52:01,200 INFO o.a.j.r.p.AbstractSampleConsumer: class org.apache.jmeter.report.processor.graph.impl.ConnectTimeOverTimeGraphConsumer#stopProducing(): connectTimeOverTime produced 0 samples
2024-11-08 00:52:01,200 INFO o.a.j.r.p.AbstractSampleConsumer: class org.apache.jmeter.report.processor.graph.impl.LatencyOverTimeGraphConsumer#stopProducing(): latenciesOverTime produced 0 samples
2024-11-08 00:52:01,201 INFO o.a.j.r.p.AbstractSampleConsumer: class org.apache.jmeter.report.processor.FilterConsumer#stopProducing(): nameFilter produced 675 samples
2024-11-08 00:52:01,201 INFO o.a.j.r.p.AbstractSampleConsumer: class org.apache.jmeter.report.processor.FilterConsumer#stopProducing(): dateRangeFilter produced 135 samples
2024-11-08 00:52:01,201 INFO o.a.j.r.p.AbstractSampleConsumer: class org.apache.jmeter.report.processor.NormalizerSampleConsumer#stopProducing(): normalizer produced 45 samples
2024-11-08 00:52:01,201 INFO o.a.j.r.p.CsvFileSampleSource: produce(): 45 samples produced in 120ms on channel 0
2024-11-08 00:52:01,201 INFO o.a.j.r.d.ReportGenerator: Exporting data using exporter:'json' of className:'org.apache.jmeter.report.dashboard.JsonExporter'
2024-11-08 00:52:01,257 INFO o.a.j.r.d.JsonExporter: Found data for consumer statisticsSummary in context
2024-11-08 00:52:01,257 INFO o.a.j.r.d.JsonExporter: Creating statistics for overall
2024-11-08 00:52:01,257 INFO o.a.j.r.d.JsonExporter: Creating statistics for other transactions
2024-11-08 00:52:01,258 INFO o.a.j.r.d.JsonExporter: Checking output folder
2024-11-08 00:52:01,258 INFO o.a.j.r.d.JsonExporter: Writing statistics JSON to C:\jmeter-5.6.3\bin\MyTests\eCommerceDashboard\statistics.json
2024-11-08 00:52:01,289 INFO o.a.j.r.d.ReportGenerator: Exporting data using exporter:'html' of className:'org.apache.jmeter.report.dashboard.HtmlTemplateExporter'
2024-11-08 00:52:01,290 INFO o.a.j.r.d.HtmlTemplateExporter: Will generate dashboard in folder: C:\jmeter-5.6.3\bin\MyTests\eCommerceDashboard
2024-11-08 00:52:01,423 INFO o.a.j.r.d.HtmlTemplateExporter: Report will be generated in: C:\jmeter-5.6.3\bin\MyTests\eCommerceDashboard, creating folder structure
2024-11-08 00:52:01,424 INFO o.a.j.r.d.TemplateVisitor: Copying folder from 'C:\jmeter-5.6.3\bin\report-template' to 'C:\jmeter-5.6.3\bin\MyTests\eCommerceDashboard', got message: C:\jmeter-5.6.3\bin\MyTests\eCommerceDashboard, found non empty folder with following content [C:\jmeter-5.6.3\bin\MyTests\eCommerceDashboard\statistics.json], will be ignored
2024-11-08 00:52:01,667 INFO o.a.j.JMeter: Dashboard generated
